Using pre-set license
Built from '2020.3/staging' branch; Version is '2020.3.0f1 (c7b5465681fb) revision 13088070'; Using compiler version '192528614'; Build Type 'Release'
OS: 'Windows 10 Home; OS build 19042.1110; Version 2009; 64bit' Language: 'tr' Physical Memory: 8057 MB
BatchMode: 1, IsHumanControllingUs: 0, StartBugReporterOnCrash: 0, Is64bit: 1, IsPro: 0

 COMMAND LINE ARGUMENTS:
D:\unity\unity\2020.3.0f1\Editor\Unity.exe
-adb2
-batchMode
-noUpm
-name
AssetImportWorker0
-projectPath
D:/unityProject/CircleGame
-logFile
Logs/AssetImportWorker0.log
-srvPort
59637
Successfully changed project path to: D:/unityProject/CircleGame
D:/unityProject/CircleGame
Using Asset Import Pipeline V2.
Refreshing native plugins compatible for Editor in 38.91 ms, found 1 plugins.
Preloading 0 native plugins for Editor in 0.00 ms.
Initialize engine version: 2020.3.0f1 (c7b5465681fb)
[Subsystems] Discovering subsystems at path D:/unity/unity/2020.3.0f1/Editor/Data/Resources/UnitySubsystems
[Subsystems] Discovering subsystems at path D:/unityProject/CircleGame/Assets
GfxDevice: creating device client; threaded=0
Direct3D:
    Version:  Direct3D 11.0 [level 11.1]
    Renderer: NVIDIA GeForce GTX 1050 Ti (ID=0x1c8c)
    Vendor:   
    VRAM:     4021 MB
    Driver:   27.21.14.6231
Initialize mono
Mono path[0] = 'D:/unity/unity/2020.3.0f1/Editor/Data/Managed'
Mono path[1] = 'D:/unity/unity/2020.3.0f1/Editor/Data/MonoBleedingEdge/lib/mono/unityjit'
Mono config path = 'D:/unity/unity/2020.3.0f1/Editor/Data/MonoBleedingEdge/etc'
Using monoOptions --debugger-agent=transport=dt_socket,embedding=1,server=y,suspend=n,address=127.0.0.1:56692
Begin MonoManager ReloadAssembly
Registering precompiled unity dll's ...
Register platform support module: D:/unity/unity/2020.3.0f1/Editor/Data/PlaybackEngines/WebGLSupport/UnityEditor.WebGL.Extensions.dll
Register platform support module: D:/unity/unity/2020.3.0f1/Editor/Data/PlaybackEngines/WindowsStandaloneSupport/UnityEditor.WindowsStandalone.Extensions.dll
Registered in 0.003100 seconds.
Native extension for WindowsStandalone target not found
Native extension for WebGL target not found
Refreshing native plugins compatible for Editor in 44.54 ms, found 1 plugins.
Preloading 0 native plugins for Editor in 0.00 ms.
Invoked RoslynAnalysisRunner static constructor.
RoslynAnalysisRunner will not be running.
RoslynAnalysisRunner has terminated.
Mono: successfully reloaded assembly
- Completed reload, in  1.612 seconds
Platform modules already initialized, skipping
Registering precompiled user dll's ...
Registered in 0.001298 seconds.
Begin MonoManager ReloadAssembly
Native extension for WindowsStandalone target not found
Native extension for WebGL target not found
Refreshing native plugins compatible for Editor in 39.88 ms, found 1 plugins.
Preloading 0 native plugins for Editor in 0.00 ms.
Invoked RoslynAnalysisRunner static constructor.
RoslynAnalysisRunner will not be running.
RoslynAnalysisRunner has terminated.
Mono: successfully reloaded assembly
- Completed reload, in  1.149 seconds
Platform modules already initialized, skipping
========================================================================
Worker process is ready to serve import requests
Launched and connected shader compiler UnityShaderCompiler.exe after 0.06 seconds
Refreshing native plugins compatible for Editor in 0.80 ms, found 1 plugins.
Preloading 0 native plugins for Editor in 0.00 ms.
Unloading 1811 Unused Serialized files (Serialized files now loaded: 0)
System memory in use before: 84.8 MB.
System memory in use after: 84.7 MB.

Unloading 24 unused Assets to reduce memory usage. Loaded Objects now: 2255.
Total: 3.910500 ms (FindLiveObjects: 0.342700 ms CreateObjectMapping: 0.122800 ms MarkObjects: 3.209500 ms  DeleteObjects: 0.233900 ms)

========================================================================
Received Import Request.
  path: Assets/codes/levelController.cs
  artifactKey: Guid(8444e9ff2131b52458a52086e8bba0ff) Importer(815301076,1909f56bfc062723c751e8b465ee728b)
Start importing Assets/codes/levelController.cs using Guid(8444e9ff2131b52458a52086e8bba0ff) Importer(815301076,1909f56bfc062723c751e8b465ee728b)  -> (artifact id: '7dce23d9834143bbde658327530ec40b') in 0.175451 seconds
  Import took 0.252092 seconds .

========================================================================
Received Prepare
Registering precompiled user dll's ...
Registered in 0.001131 seconds.
Begin MonoManager ReloadAssembly
Native extension for WindowsStandalone target not found
Native extension for WebGL target not found
Refreshing native plugins compatible for Editor in 0.35 ms, found 1 plugins.
Preloading 0 native plugins for Editor in 0.00 ms.
Invoked RoslynAnalysisRunner static constructor.
RoslynAnalysisRunner will not be running.
RoslynAnalysisRunner has terminated.
Mono: successfully reloaded assembly
- Completed reload, in  1.153 seconds
Platform modules already initialized, skipping
Refreshing native plugins compatible for Editor in 0.49 ms, found 1 plugins.
Preloading 0 native plugins for Editor in 0.00 ms.
Unloading 1806 Unused Serialized files (Serialized files now loaded: 0)
System memory in use before: 84.8 MB.
System memory in use after: 84.8 MB.

Unloading 12 unused Assets to reduce memory usage. Loaded Objects now: 2259.
Total: 3.252700 ms (FindLiveObjects: 0.323800 ms CreateObjectMapping: 0.120000 ms MarkObjects: 2.590700 ms  DeleteObjects: 0.216400 ms)

========================================================================
Received Import Request.
  Time since last request: 342.212311 seconds.
  path: Assets/Scenes/UI.unity
  artifactKey: Guid(a3ca607a1bb0cc14fb8792dc875faf86) Importer(815301076,1909f56bfc062723c751e8b465ee728b)
Start importing Assets/Scenes/UI.unity using Guid(a3ca607a1bb0cc14fb8792dc875faf86) Importer(815301076,1909f56bfc062723c751e8b465ee728b)  -> (artifact id: 'e7ca49ab065cc44d65165a32b0acb7c6') in 0.020021 seconds
  Import took 0.079273 seconds .

========================================================================
Received Import Request.
  Time since last request: 20.724958 seconds.
  path: Assets/Scenes/SampleScene.unity
  artifactKey: Guid(2cda990e2423bbf4892e6590ba056729) Importer(815301076,1909f56bfc062723c751e8b465ee728b)
Start importing Assets/Scenes/SampleScene.unity using Guid(2cda990e2423bbf4892e6590ba056729) Importer(815301076,1909f56bfc062723c751e8b465ee728b)  -> (artifact id: 'edc9394552386d108987d013dcf43215') in 0.004055 seconds
  Import took 0.231726 seconds .

========================================================================
Received Prepare
Registering precompiled user dll's ...
Registered in 0.001071 seconds.
Begin MonoManager ReloadAssembly
Native extension for WindowsStandalone target not found
Native extension for WebGL target not found
Refreshing native plugins compatible for Editor in 0.55 ms, found 1 plugins.
Preloading 0 native plugins for Editor in 0.00 ms.
Invoked RoslynAnalysisRunner static constructor.
RoslynAnalysisRunner will not be running.
RoslynAnalysisRunner has terminated.
Mono: successfully reloaded assembly
- Completed reload, in  0.983 seconds
Platform modules already initialized, skipping
Refreshing native plugins compatible for Editor in 0.40 ms, found 1 plugins.
Preloading 0 native plugins for Editor in 0.00 ms.
Unloading 1853 Unused Serialized files (Serialized files now loaded: 0)
System memory in use before: 87.4 MB.
System memory in use after: 86.8 MB.

Unloading 25 unused Assets to reduce memory usage. Loaded Objects now: 2297.
Total: 3.486500 ms (FindLiveObjects: 0.427300 ms CreateObjectMapping: 0.203400 ms MarkObjects: 2.347000 ms  DeleteObjects: 0.507400 ms)

========================================================================
Received Prepare
Registering precompiled user dll's ...
Registered in 0.011195 seconds.
Begin MonoManager ReloadAssembly
Native extension for WindowsStandalone target not found
Native extension for WebGL target not found
Refreshing native plugins compatible for Editor in 0.36 ms, found 1 plugins.
Preloading 0 native plugins for Editor in 0.00 ms.
Invoked RoslynAnalysisRunner static constructor.
RoslynAnalysisRunner will not be running.
RoslynAnalysisRunner has terminated.
Mono: successfully reloaded assembly
- Completed reload, in  1.139 seconds
Platform modules already initialized, skipping
Refreshing native plugins compatible for Editor in 0.41 ms, found 1 plugins.
Preloading 0 native plugins for Editor in 0.00 ms.
Unloading 1854 Unused Serialized files (Serialized files now loaded: 0)
System memory in use before: 87.5 MB.
System memory in use after: 86.9 MB.

Unloading 25 unused Assets to reduce memory usage. Loaded Objects now: 2302.
Total: 3.057700 ms (FindLiveObjects: 0.376900 ms CreateObjectMapping: 0.148800 ms MarkObjects: 2.077300 ms  DeleteObjects: 0.452800 ms)

========================================================================
Received Prepare
Registering precompiled user dll's ...
Registered in 0.000991 seconds.
Begin MonoManager ReloadAssembly
Native extension for WindowsStandalone target not found
Native extension for WebGL target not found
Refreshing native plugins compatible for Editor in 0.41 ms, found 1 plugins.
Preloading 0 native plugins for Editor in 0.00 ms.
Invoked RoslynAnalysisRunner static constructor.
RoslynAnalysisRunner will not be running.
RoslynAnalysisRunner has terminated.
Mono: successfully reloaded assembly
- Completed reload, in  0.946 seconds
Platform modules already initialized, skipping
Refreshing native plugins compatible for Editor in 0.61 ms, found 1 plugins.
Preloading 0 native plugins for Editor in 0.00 ms.
Unloading 1854 Unused Serialized files (Serialized files now loaded: 0)
System memory in use before: 87.5 MB.
System memory in use after: 86.9 MB.

Unloading 25 unused Assets to reduce memory usage. Loaded Objects now: 2306.
Total: 3.081700 ms (FindLiveObjects: 0.389400 ms CreateObjectMapping: 0.114900 ms MarkObjects: 2.088300 ms  DeleteObjects: 0.486600 ms)

========================================================================
Received Prepare
Registering precompiled user dll's ...
Registered in 0.000957 seconds.
Begin MonoManager ReloadAssembly
Native extension for WindowsStandalone target not found
Native extension for WebGL target not found
Refreshing native plugins compatible for Editor in 0.37 ms, found 1 plugins.
Preloading 0 native plugins for Editor in 0.00 ms.
Invoked RoslynAnalysisRunner static constructor.
RoslynAnalysisRunner will not be running.
RoslynAnalysisRunner has terminated.
Mono: successfully reloaded assembly
- Completed reload, in  0.970 seconds
Platform modules already initialized, skipping
Refreshing native plugins compatible for Editor in 0.38 ms, found 1 plugins.
Preloading 0 native plugins for Editor in 0.00 ms.
Unloading 1854 Unused Serialized files (Serialized files now loaded: 0)
System memory in use before: 87.5 MB.
System memory in use after: 86.9 MB.

Unloading 25 unused Assets to reduce memory usage. Loaded Objects now: 2310.
Total: 3.439300 ms (FindLiveObjects: 0.389000 ms CreateObjectMapping: 0.078300 ms MarkObjects: 2.418000 ms  DeleteObjects: 0.552900 ms)

========================================================================
Received Prepare
Registering precompiled user dll's ...
Registered in 0.001003 seconds.
Begin MonoManager ReloadAssembly
Native extension for WindowsStandalone target not found
Native extension for WebGL target not found
Refreshing native plugins compatible for Editor in 0.36 ms, found 1 plugins.
Preloading 0 native plugins for Editor in 0.00 ms.
Invoked RoslynAnalysisRunner static constructor.
RoslynAnalysisRunner will not be running.
RoslynAnalysisRunner has terminated.
Mono: successfully reloaded assembly
- Completed reload, in  0.899 seconds
Platform modules already initialized, skipping
Refreshing native plugins compatible for Editor in 0.36 ms, found 1 plugins.
Preloading 0 native plugins for Editor in 0.00 ms.
Unloading 1854 Unused Serialized files (Serialized files now loaded: 0)
System memory in use before: 87.5 MB.
System memory in use after: 86.9 MB.

Unloading 25 unused Assets to reduce memory usage. Loaded Objects now: 2314.
Total: 2.809200 ms (FindLiveObjects: 0.304700 ms CreateObjectMapping: 0.130700 ms MarkObjects: 1.930800 ms  DeleteObjects: 0.442000 ms)

========================================================================
Received Prepare
Registering precompiled user dll's ...
Registered in 0.000867 seconds.
Begin MonoManager ReloadAssembly
Native extension for WindowsStandalone target not found
Native extension for WebGL target not found
Refreshing native plugins compatible for Editor in 0.62 ms, found 1 plugins.
Preloading 0 native plugins for Editor in 0.00 ms.
Invoked RoslynAnalysisRunner static constructor.
RoslynAnalysisRunner will not be running.
RoslynAnalysisRunner has terminated.
Mono: successfully reloaded assembly
- Completed reload, in  1.043 seconds
Platform modules already initialized, skipping
Refreshing native plugins compatible for Editor in 0.39 ms, found 1 plugins.
Preloading 0 native plugins for Editor in 0.00 ms.
Unloading 1854 Unused Serialized files (Serialized files now loaded: 0)
System memory in use before: 87.5 MB.
System memory in use after: 86.9 MB.

Unloading 25 unused Assets to reduce memory usage. Loaded Objects now: 2318.
Total: 4.761000 ms (FindLiveObjects: 0.358600 ms CreateObjectMapping: 0.064300 ms MarkObjects: 3.496700 ms  DeleteObjects: 0.840300 ms)

========================================================================
Received Prepare
Registering precompiled user dll's ...
Registered in 0.000994 seconds.
Begin MonoManager ReloadAssembly
Native extension for WindowsStandalone target not found
Native extension for WebGL target not found
Refreshing native plugins compatible for Editor in 0.36 ms, found 1 plugins.
Preloading 0 native plugins for Editor in 0.00 ms.
Invoked RoslynAnalysisRunner static constructor.
RoslynAnalysisRunner will not be running.
RoslynAnalysisRunner has terminated.
Mono: successfully reloaded assembly
- Completed reload, in  0.963 seconds
Platform modules already initialized, skipping
Refreshing native plugins compatible for Editor in 0.36 ms, found 1 plugins.
Preloading 0 native plugins for Editor in 0.00 ms.
Unloading 1854 Unused Serialized files (Serialized files now loaded: 0)
System memory in use before: 87.5 MB.
System memory in use after: 86.9 MB.

Unloading 25 unused Assets to reduce memory usage. Loaded Objects now: 2322.
Total: 4.074100 ms (FindLiveObjects: 0.447300 ms CreateObjectMapping: 0.344900 ms MarkObjects: 2.742500 ms  DeleteObjects: 0.538100 ms)

========================================================================
Received Prepare
Registering precompiled user dll's ...
Registered in 0.000963 seconds.
Begin MonoManager ReloadAssembly
Native extension for WindowsStandalone target not found
Native extension for WebGL target not found
Refreshing native plugins compatible for Editor in 0.40 ms, found 1 plugins.
Preloading 0 native plugins for Editor in 0.00 ms.
Invoked RoslynAnalysisRunner static constructor.
RoslynAnalysisRunner will not be running.
RoslynAnalysisRunner has terminated.
Mono: successfully reloaded assembly
- Completed reload, in  1.022 seconds
Platform modules already initialized, skipping
Refreshing native plugins compatible for Editor in 0.64 ms, found 1 plugins.
Preloading 0 native plugins for Editor in 0.00 ms.
Unloading 1854 Unused Serialized files (Serialized files now loaded: 0)
System memory in use before: 87.5 MB.
System memory in use after: 86.9 MB.

Unloading 25 unused Assets to reduce memory usage. Loaded Objects now: 2326.
Total: 3.913600 ms (FindLiveObjects: 0.703600 ms CreateObjectMapping: 0.114900 ms MarkObjects: 2.404300 ms  DeleteObjects: 0.689100 ms)

========================================================================
Received Prepare
Registering precompiled user dll's ...
Registered in 0.001031 seconds.
Begin MonoManager ReloadAssembly
Native extension for WindowsStandalone target not found
Native extension for WebGL target not found
Refreshing native plugins compatible for Editor in 0.36 ms, found 1 plugins.
Preloading 0 native plugins for Editor in 0.00 ms.
Invoked RoslynAnalysisRunner static constructor.
RoslynAnalysisRunner will not be running.
RoslynAnalysisRunner has terminated.
Mono: successfully reloaded assembly
- Completed reload, in  0.940 seconds
Platform modules already initialized, skipping
Refreshing native plugins compatible for Editor in 0.40 ms, found 1 plugins.
Preloading 0 native plugins for Editor in 0.00 ms.
Unloading 1854 Unused Serialized files (Serialized files now loaded: 0)
System memory in use before: 87.6 MB.
System memory in use after: 86.9 MB.

Unloading 25 unused Assets to reduce memory usage. Loaded Objects now: 2330.
Total: 2.722600 ms (FindLiveObjects: 0.243800 ms CreateObjectMapping: 0.089700 ms MarkObjects: 1.960800 ms  DeleteObjects: 0.427500 ms)

========================================================================
Received Import Request.
  Time since last request: 2541.800582 seconds.
  path: Assets/Scenes/UI.unity
  artifactKey: Guid(a3ca607a1bb0cc14fb8792dc875faf86) Importer(815301076,1909f56bfc062723c751e8b465ee728b)
Start importing Assets/Scenes/UI.unity using Guid(a3ca607a1bb0cc14fb8792dc875faf86) Importer(815301076,1909f56bfc062723c751e8b465ee728b)  -> (artifact id: 'ebbd0fb0244be8b950cd94e2e6e14f13') in 0.016069 seconds
  Import took 0.123831 seconds .

========================================================================
Received Prepare
Registering precompiled user dll's ...
Registered in 0.000976 seconds.
Begin MonoManager ReloadAssembly
Native extension for WindowsStandalone target not found
Native extension for WebGL target not found
Refreshing native plugins compatible for Editor in 0.36 ms, found 1 plugins.
Preloading 0 native plugins for Editor in 0.00 ms.
Invoked RoslynAnalysisRunner static constructor.
RoslynAnalysisRunner will not be running.
RoslynAnalysisRunner has terminated.
Mono: successfully reloaded assembly
- Completed reload, in  0.924 seconds
Platform modules already initialized, skipping
Refreshing native plugins compatible for Editor in 0.37 ms, found 1 plugins.
Preloading 0 native plugins for Editor in 0.00 ms.
Unloading 1854 Unused Serialized files (Serialized files now loaded: 0)
System memory in use before: 87.6 MB.
System memory in use after: 86.9 MB.

Unloading 25 unused Assets to reduce memory usage. Loaded Objects now: 2334.
Total: 3.643800 ms (FindLiveObjects: 0.478400 ms CreateObjectMapping: 0.236900 ms MarkObjects: 2.520800 ms  DeleteObjects: 0.406400 ms)

========================================================================
Received Prepare
Registering precompiled user dll's ...
Registered in 0.000990 seconds.
Begin MonoManager ReloadAssembly
Native extension for WindowsStandalone target not found
Native extension for WebGL target not found
Refreshing native plugins compatible for Editor in 0.50 ms, found 1 plugins.
Preloading 0 native plugins for Editor in 0.00 ms.
Invoked RoslynAnalysisRunner static constructor.
RoslynAnalysisRunner will not be running.
RoslynAnalysisRunner has terminated.
Mono: successfully reloaded assembly
- Completed reload, in  0.863 seconds
Platform modules already initialized, skipping
Refreshing native plugins compatible for Editor in 0.36 ms, found 1 plugins.
Preloading 0 native plugins for Editor in 0.00 ms.
Unloading 1854 Unused Serialized files (Serialized files now loaded: 0)
System memory in use before: 87.6 MB.
System memory in use after: 87.0 MB.

Unloading 25 unused Assets to reduce memory usage. Loaded Objects now: 2338.
Total: 3.113300 ms (FindLiveObjects: 0.504800 ms CreateObjectMapping: 0.265600 ms MarkObjects: 1.879900 ms  DeleteObjects: 0.461900 ms)

========================================================================
Received Prepare
Registering precompiled user dll's ...
Registered in 0.001066 seconds.
Begin MonoManager ReloadAssembly
Native extension for WindowsStandalone target not found
Native extension for WebGL target not found
Refreshing native plugins compatible for Editor in 0.36 ms, found 1 plugins.
Preloading 0 native plugins for Editor in 0.00 ms.
Invoked RoslynAnalysisRunner static constructor.
RoslynAnalysisRunner will not be running.
RoslynAnalysisRunner has terminated.
Mono: successfully reloaded assembly
- Completed reload, in  0.919 seconds
Platform modules already initialized, skipping
Refreshing native plugins compatible for Editor in 0.36 ms, found 1 plugins.
Preloading 0 native plugins for Editor in 0.00 ms.
Unloading 1854 Unused Serialized files (Serialized files now loaded: 0)
System memory in use before: 87.6 MB.
System memory in use after: 87.0 MB.

Unloading 25 unused Assets to reduce memory usage. Loaded Objects now: 2342.
Total: 2.593300 ms (FindLiveObjects: 0.279600 ms CreateObjectMapping: 0.061300 ms MarkObjects: 1.777700 ms  DeleteObjects: 0.473600 ms)

========================================================================
Received Prepare
Refreshing native plugins compatible for Editor in 2.09 ms, found 1 plugins.
Preloading 0 native plugins for Editor in 0.00 ms.
Unloading 23 Unused Serialized files (Serialized files now loaded: 0)
System memory in use before: 51.4 MB.
System memory in use after: 50.8 MB.

Unloading 23 unused Assets to reduce memory usage. Loaded Objects now: 2342.
Total: 3.714900 ms (FindLiveObjects: 0.276900 ms CreateObjectMapping: 0.113200 ms MarkObjects: 2.781600 ms  DeleteObjects: 0.541700 ms)

AssetImportWorkerClient::OnTransportError - code=2 error=End of file
